Build started 2-6-2015 10:23:10.
     1>Project "D:\Development\RP6\RP6Projects\bp1\bp1.vcxproj" on node 2 (Build target(s)).
     1>Build:
         .\control\BUILDUPLOAD.bat
         ------------------- clean -------------------
         
         -------- begin --------
         
         Cleaning project:
         rm -f control.cof
         rm -f control.elf
         rm -f control.map
         rm -f control.sym
         rm -f control.lss
         rm -f control.o RP6Control_I2CMasterLib.o ../common/someCommonLib.o D:\Development\RP6/RobotLoader/RP6Lib/RP6control/RP6ControlLib.o D:\Development\RP6/RobotLoader/RP6Lib/RP6common/RP6uart.o D:\Development\RP6/RobotLoader/RP6Lib/RP6common/RP6I2CmasterTWI.o 
         rm -f control.lst RP6Control_I2CMasterLib.lst ../common/someCommonLib.lst D:\Development\RP6/RobotLoader/RP6Lib/RP6control/RP6ControlLib.lst D:\Development\RP6/RobotLoader/RP6Lib/RP6common/RP6uart.lst D:\Development\RP6/RobotLoader/RP6Lib/RP6common/RP6I2CmasterTWI.lst 
         rm -f control.s RP6Control_I2CMasterLib.s ../common/someCommonLib.s D:\Development\RP6/RobotLoader/RP6Lib/RP6control/RP6ControlLib.s D:\Development\RP6/RobotLoader/RP6Lib/RP6common/RP6uart.s D:\Development\RP6/RobotLoader/RP6Lib/RP6common/RP6I2CmasterTWI.s
         rm -f control.d RP6Control_I2CMasterLib.d ../common/someCommonLib.d D:\Development\RP6/RobotLoader/RP6Lib/RP6control/RP6ControlLib.d D:\Development\RP6/RobotLoader/RP6Lib/RP6common/RP6uart.d D:\Development\RP6/RobotLoader/RP6Lib/RP6common/RP6I2CmasterTWI.d
         rm -f control.i RP6Control_I2CMasterLib.i ../common/someCommonLib.i D:\Development\RP6/RobotLoader/RP6Lib/RP6control/RP6ControlLib.i D:\Development\RP6/RobotLoader/RP6Lib/RP6common/RP6uart.i D:\Development\RP6/RobotLoader/RP6Lib/RP6common/RP6I2CmasterTWI.i
         rm -f .dep/*
         rmdir .dep
         -------- end --------
         
         ------------------- build -------------------
         
         -------- begin --------
         avr-gcc (GCC) 4.8.2 20131010 (prerelease)
         Copyright (C) 2013 Free Software Foundation, Inc.
         This is free software; see the source for copying conditions.  There is NO
         warranty; not even for MERCHANTABILITY or FITNESS FOR A PARTICULAR PURPOSE.
         
         
         Compiling: control.c
         avr-gcc -c -mmcu=atmega32 -I. -gdwarf-2   -Os -funsigned-char -funsigned-bitfields -fpack-struct -fshort-enums -Wall -Wstrict-prototypes -Wa,-adhlns=control.lst -I../common -ID:\Development\RP6/RobotLoader/RP6Lib -ID:\Development\RP6/RobotLoader/RP6Lib/RP6control -ID:\Development\RP6/RobotLoader/RP6Lib/RP6common -ID:\Development\RP6/RobotLoader/RP6Lib/RP6base -ID:\Development\RP6/RobotLoader/RP6Lib/RP6control_M256_WIFI -std=gnu99 -MD -MP -MF .dep/control.o.d control.c -o control.o
         In file included from control.c:2:0:
         ../common/someCommonLib.h:3:1: warning: function declaration isn't a prototype [-Wstrict-prototypes]
          int someCommonFunction();
          ^
         control.c:12:6: warning: function declaration isn't a prototype [-Wstrict-prototypes]
          void ProcessStartStop()
               ^
         control.c:36:6: warning: function declaration isn't a prototype [-Wstrict-prototypes]
          void ProcessDriving()
               ^
         control.c: In function 'ProcessDriving':
         control.c:45:4: warning: implicit declaration of function 'waitForTransmitComplete' [-Wimplicit-function-declaration]
             waitForTransmitComplete();
             ^
         control.c: At top level:
         control.c:69:6: warning: function declaration isn't a prototype [-Wstrict-prototypes]
          void ProcessDistanceSensors()
               ^
         control.c:100:6: warning: function declaration isn't a prototype [-Wstrict-prototypes]
          void ProcessRotation()
               ^
         
         Compiling: RP6Control_I2CMasterLib.c
         avr-gcc -c -mmcu=atmega32 -I. -gdwarf-2   -Os -funsigned-char -funsigned-bitfields -fpack-struct -fshort-enums -Wall -Wstrict-prototypes -Wa,-adhlns=RP6Control_I2CMasterLib.lst -I../common -ID:\Development\RP6/RobotLoader/RP6Lib -ID:\Development\RP6/RobotLoader/RP6Lib/RP6control -ID:\Development\RP6/RobotLoader/RP6Lib/RP6common -ID:\Development\RP6/RobotLoader/RP6Lib/RP6base -ID:\Development\RP6/RobotLoader/RP6Lib/RP6control_M256_WIFI -std=gnu99 -MD -MP -MF .dep/RP6Control_I2CMasterLib.o.d RP6Control_I2CMasterLib.c -o RP6Control_I2CMasterLib.o
         
         Compiling: ../common/someCommonLib.c
         avr-gcc -c -mmcu=atmega32 -I. -gdwarf-2   -Os -funsigned-char -funsigned-bitfields -fpack-struct -fshort-enums -Wall -Wstrict-prototypes -Wa,-adhlns=../common/someCommonLib.lst -I../common -ID:\Development\RP6/RobotLoader/RP6Lib -ID:\Development\RP6/RobotLoader/RP6Lib/RP6control -ID:\Development\RP6/RobotLoader/RP6Lib/RP6common -ID:\Development\RP6/RobotLoader/RP6Lib/RP6base -ID:\Development\RP6/RobotLoader/RP6Lib/RP6control_M256_WIFI -std=gnu99 -MD -MP -MF .dep/someCommonLib.o.d ../common/someCommonLib.c -o ../common/someCommonLib.o
         ../common/someCommonLib.c:1:5: warning: function declaration isn't a prototype [-Wstrict-prototypes]
          int someCommonFunction()
              ^
         
         Compiling: D:\Development\RP6/RobotLoader/RP6Lib/RP6control/RP6ControlLib.c
         avr-gcc -c -mmcu=atmega32 -I. -gdwarf-2   -Os -funsigned-char -funsigned-bitfields -fpack-struct -fshort-enums -Wall -Wstrict-prototypes -Wa,-adhlns=D:\Development\RP6/RobotLoader/RP6Lib/RP6control/RP6ControlLib.lst -I../common -ID:\Development\RP6/RobotLoader/RP6Lib -ID:\Development\RP6/RobotLoader/RP6Lib/RP6control -ID:\Development\RP6/RobotLoader/RP6Lib/RP6common -ID:\Development\RP6/RobotLoader/RP6Lib/RP6base -ID:\Development\RP6/RobotLoader/RP6Lib/RP6control_M256_WIFI -std=gnu99 -MD -MP -MF .dep/RP6ControlLib.o.d D:\Development\RP6/RobotLoader/RP6Lib/RP6control/RP6ControlLib.c -o D:\Development\RP6/RobotLoader/RP6Lib/RP6control/RP6ControlLib.o
         
         Compiling: D:\Development\RP6/RobotLoader/RP6Lib/RP6common/RP6uart.c
         avr-gcc -c -mmcu=atmega32 -I. -gdwarf-2   -Os -funsigned-char -funsigned-bitfields -fpack-struct -fshort-enums -Wall -Wstrict-prototypes -Wa,-adhlns=D:\Development\RP6/RobotLoader/RP6Lib/RP6common/RP6uart.lst -I../common -ID:\Development\RP6/RobotLoader/RP6Lib -ID:\Development\RP6/RobotLoader/RP6Lib/RP6control -ID:\Development\RP6/RobotLoader/RP6Lib/RP6common -ID:\Development\RP6/RobotLoader/RP6Lib/RP6base -ID:\Development\RP6/RobotLoader/RP6Lib/RP6control_M256_WIFI -std=gnu99 -MD -MP -MF .dep/RP6uart.o.d D:\Development\RP6/RobotLoader/RP6Lib/RP6common/RP6uart.c -o D:\Development\RP6/RobotLoader/RP6Lib/RP6common/RP6uart.o
         D:\Development\RP6/RobotLoader/RP6Lib/RP6common/RP6uart.c: In function '__vector_13':
         D:\Development\RP6/RobotLoader/RP6Lib/RP6common/RP6uart.c:221:26: warning: variable 'dummy' set but not used [-Wunused-but-set-variable]
           static volatile uint8_t dummy;
                                   ^
         D:\Development\RP6/RobotLoader/RP6Lib/RP6common/RP6uart.c: In function 'clearReceptionBuffer':
         D:\Development\RP6/RobotLoader/RP6Lib/RP6common/RP6uart.c:296:17: warning: variable 'dummy' set but not used [-Wunused-but-set-variable]
           static uint8_t dummy;
                          ^
         
         Compiling: D:\Development\RP6/RobotLoader/RP6Lib/RP6common/RP6I2CmasterTWI.c
         avr-gcc -c -mmcu=atmega32 -I. -gdwarf-2   -Os -funsigned-char -funsigned-bitfields -fpack-struct -fshort-enums -Wall -Wstrict-prototypes -Wa,-adhlns=D:\Development\RP6/RobotLoader/RP6Lib/RP6common/RP6I2CmasterTWI.lst -I../common -ID:\Development\RP6/RobotLoader/RP6Lib -ID:\Development\RP6/RobotLoader/RP6Lib/RP6control -ID:\Development\RP6/RobotLoader/RP6Lib/RP6common -ID:\Development\RP6/RobotLoader/RP6Lib/RP6base -ID:\Development\RP6/RobotLoader/RP6Lib/RP6control_M256_WIFI -std=gnu99 -MD -MP -MF .dep/RP6I2CmasterTWI.o.d D:\Development\RP6/RobotLoader/RP6Lib/RP6common/RP6I2CmasterTWI.c -o D:\Development\RP6/RobotLoader/RP6Lib/RP6common/RP6I2CmasterTWI.o
         
         Linking: control.elf
         avr-gcc -mmcu=atmega32 -I. -gdwarf-2   -Os -funsigned-char -funsigned-bitfields -fpack-struct -fshort-enums -Wall -Wstrict-prototypes -Wa,-adhlns=control.o -I../common -ID:\Development\RP6/RobotLoader/RP6Lib -ID:\Development\RP6/RobotLoader/RP6Lib/RP6control -ID:\Development\RP6/RobotLoader/RP6Lib/RP6common -ID:\Development\RP6/RobotLoader/RP6Lib/RP6base -ID:\Development\RP6/RobotLoader/RP6Lib/RP6control_M256_WIFI -std=gnu99 -MD -MP -MF .dep/control.elf.d control.o RP6Control_I2CMasterLib.o ../common/someCommonLib.o D:\Development\RP6/RobotLoader/RP6Lib/RP6control/RP6ControlLib.o D:\Development\RP6/RobotLoader/RP6Lib/RP6common/RP6uart.o D:\Development\RP6/RobotLoader/RP6Lib/RP6common/RP6I2CmasterTWI.o --output control.elf -Wl,-Map=control.map,--cref    -lm
         
         Creating load file for Flash: control.hex
         avr-objcopy -O ihex -R .eeprom control.elf control.hex
         
         Creating Extended Listing: control.lss
         avr-objdump -h -S control.elf > control.lss
         
         Creating Symbol Table: control.sym
         avr-nm -n control.elf > control.sym
         
         Size after:
         AVR Memory Usage
         ----------------
         Device: atmega32
         
         Program:    6302 bytes (19.2% Full)
         (.text + .data + .bootloader)
         
         Data:        275 bytes (13.4% Full)
         (.data + .bss + .noinit)
         
         
         
         -------- end --------
         
         ------------------- info  -------------------
         Using Project name    : control
         Using Project path    : D:\Development\RP6\RP6Projects\bp1\control\
         Using Project HEX File: "D:\Development\RP6\RP6Projects\bp1\control\control.hex"
         Using Robotloader cmd : "D:\Development\RP6\RobotLoader\"
         ------------------- upload ------------------
         RobotLoader - COMMANDLINE MODE
         Perform Action: 
         Upload Program...
         --> Hexfile Path: D:\Development\RP6\RP6Projects\bp1\control\control.hex
         Listing all serial ports...
         PORT: USB0 | RP6 USB Interface | ARV87EZH
         Trying to open port: USB0 | RP6 USB Interface | ARV87EZH
         COM OPEN!
         USB0 | RP6 USB Interface | ARV87EZH open @38400baud
         Set Comport...
         Baudrate is set to: 38400
         OK!
         Bootloader message:
         Upload in progress...
         Baudrate is set to: 38400
         Uploading new program to target device; Range: 0 - 189e
         Connected to target!
         Target ID received:
         RP6: Board ID 2, Firmware Version 1.4, Board Rev.: 3
         ["RP6 Control", 2, MEGA32, 0, 30720, true]
         Setup High Speed...
         Speed ACK!
         Change baudrate of USB0 | RP6 USB Interface | ARV87EZH from 38400 to 500000 OK!
         Setup OK!
         Upload in progress...
         Write 256b @0 ; CRC16: 0xCBDF
         Write 256b @256 ; CRC16: 0x8CB
         Write 256b @512 ; CRC16: 0xEE29
         Write 256b @768 ; CRC16: 0x85FB
         Write 256b @1024 ; CRC16: 0xEA75
         Write 256b @1280 ; CRC16: 0x9B87
         Write 256b @1536 ; CRC16: 0x67B6
         Write 256b @1792 ; CRC16: 0xE4C2
         Write 256b @2048 ; CRC16: 0xC92F
         Write 256b @2304 ; CRC16: 0x6FAD
         Write 256b @2560 ; CRC16: 0x9186
         Write 256b @2816 ; CRC16: 0x1C48
         Write 256b @3072 ; CRC16: 0x8536
         Write 256b @3328 ; CRC16: 0x2D18
         Write 256b @3584 ; CRC16: 0xFC60
         Write 256b @3840 ; CRC16: 0x81E
         Write 256b @4096 ; CRC16: 0x8325
         Write 256b @4352 ; CRC16: 0xD95
         Write 256b @4608 ; CRC16: 0x77A8
         Write 256b @4864 ; CRC16: 0x95C5
         Write 256b @5120 ; CRC16: 0xBB62
         Write 256b @5376 ; CRC16: 0xF959
         Write 256b @5632 ; CRC16: 0xD528
         Write 256b @5888 ; CRC16: 0x63F4
         Write 256b @6144 ; CRC16: 0xF0CD
         Change baudrate of USB0 | RP6 USB Interface | ARV87EZH from 500000 to 38400 OK!
         Bootloader message:
         Task completed successfully!
         Size: 6302 bytes, CRC16: 0x397A
         File: control.hex
         Time: 1128ms
         Upload complete!
         Trying to close port...
         COM CLOSED!
         Port Closed!
         Exit code: 0 - All done.
         ---------------------------------------------
     1>Done Building Project "D:\Development\RP6\RP6Projects\bp1\bp1.vcxproj" (Build target(s)).

Build succeeded.

Time Elapsed 00:00:04.79
